<?xml version="1.0" encoding="UTF-8"?>
<!-- Generated by org.testng.reporters.JUnitReportReporter -->
<testsuite skipped="0" hostname="CH-VVIJAY-L9W10" name="fileUpload.UploadFile" tests="1" failures="0" timestamp="2021-12-30T18:54:21 CST" time="12.203" errors="0">
  <testcase name="uploadFile" time="12.203" classname="fileUpload.UploadFile"/>
</testsuite> <!-- fileUpload.UploadFile -->
