<?xml version="1.0" encoding="UTF-8"?>
<!-- Generated by org.testng.reporters.JUnitReportReporter -->
<testsuite skipped="0" hostname="CH-VVIJAY-L9W10" name="fileDownload.FileDownload" tests="1" failures="0" timestamp="2021-12-28T23:32:03 CST" time="17.535" errors="0">
  <testcase name="fileDownload" time="17.535" classname="fileDownload.FileDownload"/>
</testsuite> <!-- fileDownload.FileDownload -->
