<?xml version="1.0" encoding="UTF-8"?>
<!-- Generated by org.testng.reporters.JUnitReportReporter -->
<testsuite skipped="0" hostname="CH-VVIJAY-L9W10" name="fileDownload.FileDownloadFirefox" tests="1" failures="0" timestamp="2021-12-29T00:49:05 CST" time="14.596" errors="0">
  <testcase name="fileDownload" time="14.596" classname="fileDownload.FileDownloadFirefox"/>
</testsuite> <!-- fileDownload.FileDownloadFirefox -->
