<?xml version="1.0" encoding="UTF-8"?>
<!-- Generated by org.testng.reporters.JUnitReportReporter -->
<testsuite skipped="0" hostname="CH-VVIJAY-L9W10" name="authentication.AuthenticationPopup" tests="1" failures="0" timestamp="2021-12-30T22:08:19 CST" time="4.725" errors="0">
  <testcase name="authnPopup" time="4.725" classname="authentication.AuthenticationPopup"/>
</testsuite> <!-- authentication.AuthenticationPopup -->
