<?xml version="1.0" encoding="UTF-8"?>
<!-- Generated by org.testng.reporters.JUnitReportReporter -->
<testsuite skipped="0" hostname="CH-VVIJAY-L9W10" name="encodedecode.LoginEncodeTest" tests="1" failures="0" timestamp="2022-01-01T17:17:31 CST" time="5.370" errors="0">
  <testcase name="loginTest" time="5.370" classname="encodedecode.LoginEncodeTest"/>
</testsuite> <!-- encodedecode.LoginEncodeTest -->
