<?xml version="1.0" encoding="UTF-8"?>
<!-- Generated by org.testng.reporters.JUnitReportReporter -->
<testsuite skipped="0" hostname="CH-VVIJAY-L9W10" name="fileDownload.PathSpecificFileDownload" tests="1" failures="0" timestamp="2021-12-30T18:00:57 CST" time="16.726" errors="0">
  <testcase name="fileDownload" time="16.726" classname="fileDownload.PathSpecificFileDownload"/>
</testsuite> <!-- fileDownload.PathSpecificFileDownload -->
