<?xml version="1.0" encoding="UTF-8"?>
<!-- Generated by org.testng.reporters.JUnitReportReporter -->
<testsuite skipped="0" hostname="CH-VVIJAY-L9W10" name="selenium4Project.TakingScreenshots" tests="2" failures="0" timestamp="2021-12-13T15:47:38 CST" time="16.765" errors="0">
  <testcase name="takesScreenshotsectipn" time="6.390" classname="selenium4Project.TakingScreenshots"/>
  <testcase name="takesScreenshot" time="10.375" classname="selenium4Project.TakingScreenshots"/>
</testsuite> <!-- selenium4Project.TakingScreenshots -->
