<?xml version="1.0" encoding="UTF-8"?>
<!-- Generated by org.testng.reporters.JUnitReportReporter -->
<testsuite skipped="0" hostname="CH-VVIJAY-L9W10" name="selenium4Project.RelativeLocators" tests="2" failures="0" timestamp="2021-12-09T00:32:40 CST" time="0.191" errors="0">
  <testcase name="test2" time="0.066" classname="selenium4Project.RelativeLocators"/>
  <testcase name="test1" time="0.125" classname="selenium4Project.RelativeLocators"/>
</testsuite> <!-- selenium4Project.RelativeLocators -->
